<?xml version="1.0" encoding="UTF-8"?>
<!-- Generated by org.testng.reporters.JUnitXMLReporter -->
<testsuite ignored="0" hostname="DESKTOP-QAEN2NF" failures="0" tests="5" name="Default test" time="0.149" errors="0" timestamp="2024-06-16T16:09:32 IST">
  <testcase classname="testNG.class_001" name="a" time="0.022"/>
  <testcase classname="testNG.class_001" name="b" time="0.006"/>
  <testcase classname="testNG.class_001" name="c" time="0.003"/>
  <testcase classname="testNG.class_001" name="f" time="0.005"/>
  <testcase classname="testNG.class_001" name="x" time="0.002"/>
</testsuite> <!-- Default test -->
