<?xml version="1.0" encoding="UTF-8"?>
<testng-results ignored="0" total="5" passed="5" failed="0" skipped="0">
  <reporter-output>
  </reporter-output>
  <suite started-at="2024-06-16T16:09:32 IST" name="Default suite" finished-at="2024-06-16T16:09:32 IST" duration-ms="149">
    <groups>
    </groups>
    <test started-at="2024-06-16T16:09:32 IST" name="Default test" finished-at="2024-06-16T16:09:32 IST" duration-ms="149">
      <class name="testNG.class_001">
        <test-method signature="a()[pri:0, instance:testNG.class_001@272113c4]" started-at="2024-06-16T16:09:32 IST" name="a" finished-at="2024-06-16T16:09:32 IST" duration-ms="22" status="PASS">
          <reporter-output>
          </reporter-output>
        </test-method> <!-- a -->
        <test-method signature="b()[pri:0, instance:testNG.class_001@272113c4]" started-at="2024-06-16T16:09:32 IST" name="b" finished-at="2024-06-16T16:09:32 IST" duration-ms="6" status="PASS">
          <reporter-output>
          </reporter-output>
        </test-method> <!-- b -->
        <test-method signature="c()[pri:0, instance:testNG.class_001@272113c4]" started-at="2024-06-16T16:09:32 IST" name="c" finished-at="2024-06-16T16:09:32 IST" duration-ms="3" status="PASS">
          <reporter-output>
          </reporter-output>
        </test-method> <!-- c -->
        <test-method signature="f()[pri:0, instance:testNG.class_001@272113c4]" started-at="2024-06-16T16:09:32 IST" name="f" finished-at="2024-06-16T16:09:32 IST" duration-ms="5" status="PASS">
          <reporter-output>
          </reporter-output>
        </test-method> <!-- f -->
        <test-method signature="x()[pri:0, instance:testNG.class_001@272113c4]" started-at="2024-06-16T16:09:32 IST" name="x" finished-at="2024-06-16T16:09:32 IST" duration-ms="2" status="PASS">
          <reporter-output>
          </reporter-output>
        </test-method> <!-- x -->
      </class> <!-- testNG.class_001 -->
    </test> <!-- Default test -->
  </suite> <!-- Default suite -->
</testng-results>
